<?xml version="1.0" encoding="UTF-8" ?>
<testsuite tests="3" failures="0" name="FelineTest" time="0" errors="0" skipped="0">
  <properties>
    <property name="java.runtime.name" value="OpenJDK Runtime Environment"/>
    <property name="java.vm.version" value="11.0.18+10-LTS"/>
    <property name="sun.boot.library.path" value="C:\Program Files\Amazon Corretto\jdk11.0.18_10\bin"/>
    <property name="maven.multiModuleProjectDirectory" value="D:\projects\praktikum\qa_java"/>
    <property name="java.vm.vendor" value="Amazon.com Inc."/>
    <property name="java.vendor.url" value="https://aws.amazon.com/corretto/"/>
    <property name="guice.disable.misplaced.annotation.check" value="true"/>
    <property name="path.separator" value=";"/>
    <property name="java.vm.name" value="OpenJDK 64-Bit Server VM"/>
    <property name="sun.os.patch.level" value=""/>
    <property name="user.script" value=""/>
    <property name="user.country" value="RU"/>
    <property name="sun.java.launcher" value="SUN_STANDARD"/>
    <property name="java.vm.specification.name" value="Java Virtual Machine Specification"/>
    <property name="user.dir" value="D:\projects\praktikum\qa_java"/>
    <property name="java.vm.compressedOopsMode" value="Zero based"/>
    <property name="java.runtime.version" value="11.0.18+10-LTS"/>
    <property name="java.awt.graphicsenv" value="sun.awt.Win32GraphicsEnvironment"/>
    <property name="os.arch" value="amd64"/>
    <property name="java.io.tmpdir" value="C:\Users\bomar\AppData\Local\Temp\"/>
    <property name="line.separator" value="
"/>
    <property name="java.vm.specification.vendor" value="Oracle Corporation"/>
    <property name="user.variant" value=""/>
    <property name="os.name" value="Windows 11"/>
    <property name="classworlds.conf" value="C:\Maven\apache-maven-3.8.4\bin\m2.conf"/>
    <property name="sun.jnu.encoding" value="Cp1251"/>
    <property name="java.library.path" value="C:\Program Files\Amazon Corretto\jdk11.0.18_10\bin;C:\WINDOWS\Sun\Java\bin;C:\WINDOWS\system32;C:\WINDOWS;C:\Program Files\Amazon Corretto\jdk11.0.18_10\bin;C:\Program Files\Common Files\Oracle\Java\javapath;C:\Windows\system32;C:\Windows;C:\Windows\System32\Wbem;C:\Windows\System32\WindowsPowerShell\v1.0\;C:\Windows\System32\OpenSSH\;C:\Program Files (x86)\NVIDIA Corporation\PhysX\Common;C:\WINDOWS\system32;C:\WINDOWS;C:\WINDOWS\System32\Wbem;C:\WINDOWS\System32\WindowsPowerShell\v1.0\;C:\WINDOWS\System32\OpenSSH\;C:\Program Files (x86)\dotnet\;C:\Program Files (x86)\Sennheiser\SenncomSDK\;C:\Program Files\Git\cmd;D:\Downloads\soft\chromedriver;C:\Program Files\Docker\Docker\resources\bin;C:\ProgramData\DockerDesktop\version-bin;C:\Program Files\WireGuard\;C:\Program Files\dotnet\;C:\Program Files\nodejs\;C:\WebDriver\bin;;C:\Program Files\NVIDIA Corporation\NVIDIA NvDLISR;C:\Users\bomar\AppData\Local\Microsoft\WindowsApps;C:\Users\bomar\AppData\Local\Programs\Microsoft VS Code\bin;C:\Maven\apache-maven-3.8.4\bin;C:\Gradle\gradle-7.3.3\bin;C:\Maven\apache-maven-3.8.4\bin;C:\Program Files\Amazon Corretto\jdk11.0.18_10\bin;C:\Program Files\JetBrains\IntelliJ IDEA Community Edition 2021.3.2\bin;;C:\Program Files (x86)\BrowserStackLocal\;C:\Users\bomar\AppData\Roaming\npm;C:\Users\bomar\AppData\Local\GitHubDesktop\bin;."/>
    <property name="maven.conf" value="C:\Maven\apache-maven-3.8.4/conf"/>
    <property name="jdk.debug" value="release"/>
    <property name="java.class.version" value="55.0"/>
    <property name="java.specification.name" value="Java Platform API Specification"/>
    <property name="sun.management.compiler" value="HotSpot 64-Bit Tiered Compilers"/>
    <property name="os.version" value="10.0"/>
    <property name="library.jansi.path" value="C:\Maven\apache-maven-3.8.4\lib\jansi-native"/>
    <property name="user.home" value="C:\Users\bomar"/>
    <property name="user.timezone" value="Europe/Moscow"/>
    <property name="java.awt.printerjob" value="sun.awt.windows.WPrinterJob"/>
    <property name="file.encoding" value="Cp1251"/>
    <property name="java.specification.version" value="11"/>
    <property name="user.name" value="bomar"/>
    <property name="java.class.path" value="C:\Maven\apache-maven-3.8.4\boot\plexus-classworlds-2.6.0.jar"/>
    <property name="java.vm.specification.version" value="11"/>
    <property name="sun.arch.data.model" value="64"/>
    <property name="sun.java.command" value="org.codehaus.plexus.classworlds.launcher.Launcher verify"/>
    <property name="java.home" value="C:\Program Files\Amazon Corretto\jdk11.0.18_10"/>
    <property name="user.language" value="ru"/>
    <property name="java.specification.vendor" value="Oracle Corporation"/>
    <property name="awt.toolkit" value="sun.awt.windows.WToolkit"/>
    <property name="java.vm.info" value="mixed mode"/>
    <property name="java.version" value="11.0.18"/>
    <property name="java.vendor" value="Amazon.com Inc."/>
    <property name="sun.stderr.encoding" value="cp866"/>
    <property name="maven.home" value="C:\Maven\apache-maven-3.8.4"/>
    <property name="file.separator" value="\"/>
    <property name="java.version.date" value="2023-01-17"/>
    <property name="java.vendor.url.bug" value="https://github.com/corretto/corretto-11/issues/"/>
    <property name="sun.io.unicode.encoding" value="UnicodeLittle"/>
    <property name="sun.cpu.endian" value="little"/>
    <property name="java.vendor.version" value="Corretto-11.0.18.10.1"/>
    <property name="sun.stdout.encoding" value="cp866"/>
    <property name="sun.desktop" value="windows"/>
    <property name="sun.cpu.isalist" value="amd64"/>
  </properties>
  <testcase classname="FelineTest" name="checkFelineGetFamily" time="0"/>
  <testcase classname="FelineTest" name="checkFelineGetKittens" time="0"/>
  <testcase classname="FelineTest" name="checkFelineEatMeat" time="0"/>
</testsuite>